<?xml version="1.0" encoding="UTF-8"?>
<testng-results ignored="0" total="1" passed="1" failed="0" skipped="0">
  <reporter-output>
  </reporter-output>
  <suite started-at="2025-07-31T16:41:53 IST" name="Default suite" finished-at="2025-07-31T16:42:00 IST" duration-ms="7560">
    <groups>
    </groups>
    <test started-at="2025-07-31T16:41:53 IST" name="Default test" finished-at="2025-07-31T16:42:00 IST" duration-ms="7560">
      <class name="PageObjectModel.LoginTest">
        <test-method is-config="true" signature="setup()[pri:0, instance:PageObjectModel.LoginTest@40a4337a]" started-at="2025-07-31T16:41:53 IST" name="setup" finished-at="2025-07-31T16:41:58 IST" duration-ms="4884" status="PASS">
          <reporter-output>
          </reporter-output>
        </test-method> <!-- setup -->
        <test-method signature="testLogin()[pri:0, instance:PageObjectModel.LoginTest@40a4337a]" started-at="2025-07-31T16:41:58 IST" name="testLogin" finished-at="2025-07-31T16:42:00 IST" duration-ms="2283" status="PASS">
          <reporter-output>
          </reporter-output>
        </test-method> <!-- testLogin -->
        <test-method is-config="true" signature="tearDown()[pri:0, instance:PageObjectModel.LoginTest@40a4337a]" started-at="2025-07-31T16:42:00 IST" name="tearDown" finished-at="2025-07-31T16:42:00 IST" duration-ms="340" status="PASS">
          <reporter-output>
          </reporter-output>
        </test-method> <!-- tearDown -->
      </class> <!-- PageObjectModel.LoginTest -->
    </test> <!-- Default test -->
  </suite> <!-- Default suite -->
</testng-results>
